============================= test session starts ==============================
platform linux -- Python 3.11.4, pytest-7.4.0, pluggy-1.2.0 -- /usr/bin/python3
rootdir: /home/user/proj
collected 10 items

tests/test_core.py::test_parse_empty PASSED                              [ 10%]
tests/test_core.py::test_parse_nested PASSED                             [ 20%]
tests/test_core.py::test_parse_unicode PASSED                            [ 30%]
tests/test_core.py::test_encode_roundtrip PASSED                         [ 40%]
tests/test_core.py::test_merge_defaults PASSED                           [ 50%]
tests/test_core.py::test_merge_override PASSED                           [ 60%]
tests/test_core.py::test_validate_schema PASSED                          [ 70%]
tests/test_core.py::test_slow_pipeline PASSED                            [ 80%]
tests/test_core.py::test_cache_hit PASSED                                [ 90%]
tests/test_core.py::test_cache_miss PASSED                               [100%]

============================= slowest 3 durations ==============================
0.30s call     tests/test_core.py::test_slow_pipeline
0.12s call     tests/test_core.py::test_validate_schema
0.01s setup    tests/test_core.py::test_parse_empty
============================== 10 passed in 0.98s ==============================
