============================= test session starts ==============================
collected 3 items

tests/test_cli.py::test_render [32mPASSED[0m[36m                              [ 33%][0m
tests/test_cli.py::test_snippet [32mPASSED[0m[36m                             [ 66%][0m
tests/test_cli.py::test_doc_example FAILED                               [100%]

=================================== FAILURES ===================================
______________________________ test_doc_example ________________________________

    def test_doc_example():
        expected = """
```
tests/test_fake.py::test_inside_fence PASSED
```
"""
>       assert render() == expected
E       AssertionError: assert '...' == '...'

tests/test_cli.py:21: AssertionError
=========================== short test summary info ============================
FAILED tests/test_cli.py::test_doc_example - AssertionError
========================= 1 failed, 2 passed in 0.42s ==========================
